<?xml version="1.0" encoding="UTF-8"?>
<!-- Generated by org.testng.reporters.JUnitReportReporter -->
<testsuite hostname="DESKTOP-K6PT340" failures="0" tests="2" name="testNG.Instgram" time="0.011" errors="0" timestamp="2025-10-14T10:22:01 IST" skipped="0">
  <testcase classname="testNG.Instgram" name="loginToInstagram" time="0.003"/>
  <system-out/>
  <testcase classname="testNG.Instgram" name="logoutFromInstgram" time="0.008"/>
  <system-out/>
</testsuite> <!-- testNG.Instgram -->
