<?xml version="1.0" encoding="UTF-8"?>
<!-- Generated by org.testng.reporters.JUnitReportReporter -->
<testsuite hostname="DESKTOP-K6PT340" failures="0" tests="2" name="excel.DataProviderTest" time="0.036" errors="0" timestamp="2025-10-17T08:39:19 IST" skipped="0">
  <testcase classname="excel.DataProviderTest" name="testRun" time="0.024"/>
  <system-out/>
  <testcase classname="excel.DataProviderTest" name="testRun" time="0.012"/>
  <system-out/>
</testsuite> <!-- excel.DataProviderTest -->
