<?xml version="1.0" encoding="UTF-8"?>
<!-- Generated by org.testng.reporters.JUnitReportReporter -->
<testsuite hostname="DESKTOP-K6PT340" failures="0" tests="2" name="testNG.Facbook" time="0.056" errors="0" timestamp="2025-10-14T10:22:01 IST" skipped="0">
  <testcase classname="testNG.Facbook" name="loginToFacebook" time="0.046"/>
  <system-out/>
  <testcase classname="testNG.Facbook" name="logoutToFacbook" time="0.010"/>
  <system-out/>
</testsuite> <!-- testNG.Facbook -->
